{"level": "INFO", "timestamp": "2025-06-07 19:38:25,873", "module": "autoreload", "message": "Watching for file changes with StatReloader"}
{"level": "WARNING", "timestamp": "2025-06-07 19:38:45,342", "module": "log", "message": "Not Found: /.well-known/appspecific/com.chrome.devtools.json"}
{"level": "WARNING", "timestamp": "2025-06-07 19:38:46,488", "module": "log", "message": "Not Found: /dist/assets/logo.svg"}
{"level": "INFO", "timestamp": "2025-06-07 20:08:30,984", "module": "autoreload", "message": "Watching for file changes with StatReloader"}
{"level": "WARNING", "timestamp": "2025-06-07 20:08:44,764", "module": "log", "message": "Not Found: /.well-known/appspecific/com.chrome.devtools.json"}
{"level": "WARNING", "timestamp": "2025-06-07 21:19:03,077", "module": "log", "message": "Not Found: /.well-known/appspecific/com.chrome.devtools.json"}
{"level": "WARNING", "timestamp": "2025-06-07 21:23:09,670", "module": "log", "message": "Not Found: /dist/main.215feba4e8683f02ef8b.hot-update.json"}
{"level": "WARNING", "timestamp": "2025-06-07 21:23:50,427", "module": "log", "message": "Not Found: /dist/main.a7f8407d431b587cb682.hot-update.json"}
{"level": "WARNING", "timestamp": "2025-06-07 21:29:53,050", "module": "log", "message": "Not Found: /dist/main.215feba4e8683f02ef8b.hot-update.json"}
{"level": "WARNING", "timestamp": "2025-06-07 21:31:39,181", "module": "log", "message": "Not Found: /dist/main.ba53572f68af255364a1.hot-update.json"}
{"level": "WARNING", "timestamp": "2025-06-07 21:32:18,451", "module": "log", "message": "Not Found: /dist/main.ce2251819699ed8b545f.hot-update.json"}
{"level": "WARNING", "timestamp": "2025-06-07 21:32:59,012", "module": "log", "message": "Not Found: /.well-known/appspecific/com.chrome.devtools.json"}
{"level": "WARNING", "timestamp": "2025-06-07 21:36:07,416", "module": "log", "message": "Not Found: /dist/main.0b9830e30be1a29af67c.hot-update.json"}
{"level": "WARNING", "timestamp": "2025-06-07 21:36:07,749", "module": "log", "message": "Not Found: /.well-known/appspecific/com.chrome.devtools.json"}
{"level": "WARNING", "timestamp": "2025-06-07 21:36:37,195", "module": "log", "message": "Not Found: /dist/main.e7f07249109143f84ad3.hot-update.json"}
{"level": "WARNING", "timestamp": "2025-06-07 21:36:37,453", "module": "log", "message": "Not Found: /.well-known/appspecific/com.chrome.devtools.json"}
{"level": "WARNING", "timestamp": "2025-06-07 21:37:06,928", "module": "log", "message": "Not Found: /dist/main.1e85cae2b7f57ade4ef0.hot-update.json"}
{"level": "WARNING", "timestamp": "2025-06-07 21:37:07,077", "module": "log", "message": "Not Found: /.well-known/appspecific/com.chrome.devtools.json"}
{"level": "WARNING", "timestamp": "2025-06-07 21:37:42,254", "module": "log", "message": "Not Found: /dist/main.5bcd71c40a2ee6d022f6.hot-update.json"}
{"level": "WARNING", "timestamp": "2025-06-07 21:37:42,373", "module": "log", "message": "Not Found: /.well-known/appspecific/com.chrome.devtools.json"}
{"level": "WARNING", "timestamp": "2025-06-07 21:37:54,316", "module": "log", "message": "Not Found: /dist/main.b9843f9c8a92cfd53630.hot-update.json"}
{"level": "WARNING", "timestamp": "2025-06-07 21:37:54,427", "module": "log", "message": "Not Found: /.well-known/appspecific/com.chrome.devtools.json"}
{"level": "WARNING", "timestamp": "2025-06-07 21:38:12,349", "module": "log", "message": "Not Found: /dist/main.d98c217f6cbd64c848d4.hot-update.json"}
{"level": "WARNING", "timestamp": "2025-06-07 21:38:12,446", "module": "log", "message": "Not Found: /.well-known/appspecific/com.chrome.devtools.json"}
{"level": "WARNING", "timestamp": "2025-06-07 21:38:31,741", "module": "log", "message": "Not Found: /.well-known/appspecific/com.chrome.devtools.json"}
{"level": "WARNING", "timestamp": "2025-06-07 21:40:17,848", "module": "log", "message": "Not Found: /dist/main.d1f3e950fc6168adb933.hot-update.json"}
{"level": "WARNING", "timestamp": "2025-06-07 21:40:37,957", "module": "log", "message": "Not Found: /dist/main.d90a64bb4988f52336b3.hot-update.json"}
{"level": "WARNING", "timestamp": "2025-06-07 21:42:30,205", "module": "log", "message": "Not Found: /dist/main.55bfd742b2c86f2253ef.hot-update.json"}
{"level": "WARNING", "timestamp": "2025-06-07 21:42:58,329", "module": "log", "message": "Not Found: /dist/main.d0821ae8b9eaca8b6b63.hot-update.json"}
{"level": "WARNING", "timestamp": "2025-06-07 21:43:21,204", "module": "log", "message": "Not Found: /dist/main.e0a47c27fa552dadd5f8.hot-update.json"}
{"level": "WARNING", "timestamp": "2025-06-07 21:43:33,387", "module": "log", "message": "Not Found: /dist/main.e5eef2182e6cb5b05c12.hot-update.json"}
{"level": "WARNING", "timestamp": "2025-06-07 21:43:45,860", "module": "log", "message": "Not Found: /dist/main.c062ad32373ee15f527d.hot-update.json"}
{"level": "WARNING", "timestamp": "2025-06-07 21:44:04,720", "module": "log", "message": "Not Found: /dist/main.0a4ce5624c0283443e24.hot-update.json"}
{"level": "WARNING", "timestamp": "2025-06-07 21:44:54,010", "module": "log", "message": "Not Found: /.well-known/appspecific/com.chrome.devtools.json"}
{"level": "WARNING", "timestamp": "2025-06-07 21:47:25,594", "module": "log", "message": "Not Found: /dist/main.247ab4294deb2c2d5404.hot-update.json"}
{"level": "WARNING", "timestamp": "2025-06-07 21:47:25,842", "module": "log", "message": "Not Found: /.well-known/appspecific/com.chrome.devtools.json"}
{"level": "WARNING", "timestamp": "2025-06-07 21:47:40,228", "module": "log", "message": "Not Found: /.well-known/appspecific/com.chrome.devtools.json"}
{"level": "WARNING", "timestamp": "2025-06-07 21:48:36,996", "module": "log", "message": "Not Found: /dist/main.0b703b5ad01f1d90fee5.hot-update.json"}
{"level": "WARNING", "timestamp": "2025-06-07 21:48:37,143", "module": "log", "message": "Not Found: /.well-known/appspecific/com.chrome.devtools.json"}
{"level": "WARNING", "timestamp": "2025-06-07 21:48:59,558", "module": "log", "message": "Not Found: /dist/main.7f8b6f04ecedb2061de1.hot-update.json"}
{"level": "WARNING", "timestamp": "2025-06-07 21:48:59,825", "module": "log", "message": "Not Found: /.well-known/appspecific/com.chrome.devtools.json"}
{"level": "WARNING", "timestamp": "2025-06-07 21:50:24,377", "module": "log", "message": "Not Found: /dist/main.c24611acd25344cabfcd.hot-update.json"}
{"level": "WARNING", "timestamp": "2025-06-07 21:50:24,629", "module": "log", "message": "Not Found: /.well-known/appspecific/com.chrome.devtools.json"}
{"level": "WARNING", "timestamp": "2025-06-07 21:50:34,544", "module": "log", "message": "Not Found: /dist/main.e5b8bcd167b3ff0ef293.hot-update.json"}
{"level": "WARNING", "timestamp": "2025-06-07 21:50:34,802", "module": "log", "message": "Not Found: /.well-known/appspecific/com.chrome.devtools.json"}
{"level": "WARNING", "timestamp": "2025-06-07 21:50:46,264", "module": "log", "message": "Not Found: /dist/main.7edbb993d19e18a47f52.hot-update.json"}
{"level": "WARNING", "timestamp": "2025-06-07 21:50:46,528", "module": "log", "message": "Not Found: /.well-known/appspecific/com.chrome.devtools.json"}
{"level": "WARNING", "timestamp": "2025-06-07 21:51:49,747", "module": "log", "message": "Not Found: /dist/main.fe0664bd1861eaee2c2c.hot-update.json"}
{"level": "WARNING", "timestamp": "2025-06-07 21:51:50,037", "module": "log", "message": "Not Found: /.well-known/appspecific/com.chrome.devtools.json"}
{"level": "WARNING", "timestamp": "2025-06-07 21:52:02,409", "module": "log", "message": "Not Found: /.well-known/appspecific/com.chrome.devtools.json"}
{"level": "WARNING", "timestamp": "2025-06-07 21:52:37,670", "module": "log", "message": "Not Found: /.well-known/appspecific/com.chrome.devtools.json"}
{"level": "WARNING", "timestamp": "2025-06-07 21:54:13,842", "module": "log", "message": "Not Found: /dist/main.70b9243e60b568a596ab.hot-update.json"}
{"level": "WARNING", "timestamp": "2025-06-07 21:54:13,945", "module": "log", "message": "Not Found: /.well-known/appspecific/com.chrome.devtools.json"}
{"level": "WARNING", "timestamp": "2025-06-07 21:54:36,108", "module": "log", "message": "Not Found: /dist/main.af405d935107ea5d7077.hot-update.json"}
{"level": "WARNING", "timestamp": "2025-06-07 21:54:36,366", "module": "log", "message": "Not Found: /.well-known/appspecific/com.chrome.devtools.json"}
{"level": "WARNING", "timestamp": "2025-06-07 21:54:51,678", "module": "log", "message": "Not Found: /.well-known/appspecific/com.chrome.devtools.json"}
{"level": "WARNING", "timestamp": "2025-06-07 21:55:46,799", "module": "log", "message": "Not Found: /dist/main.9c47e6dd1229a1403451.hot-update.json"}
{"level": "WARNING", "timestamp": "2025-06-07 21:55:46,898", "module": "log", "message": "Not Found: /.well-known/appspecific/com.chrome.devtools.json"}
{"level": "WARNING", "timestamp": "2025-06-07 21:56:10,181", "module": "log", "message": "Not Found: /dist/main.e8aaaae20c9fc1c9ec53.hot-update.json"}
{"level": "WARNING", "timestamp": "2025-06-07 21:56:10,438", "module": "log", "message": "Not Found: /.well-known/appspecific/com.chrome.devtools.json"}
{"level": "WARNING", "timestamp": "2025-06-07 21:56:18,021", "module": "log", "message": "Not Found: /.well-known/appspecific/com.chrome.devtools.json"}
{"level": "WARNING", "timestamp": "2025-06-07 21:59:07,452", "module": "log", "message": "Not Found: /.well-known/appspecific/com.chrome.devtools.json"}
{"level": "WARNING", "timestamp": "2025-06-07 22:00:26,672", "module": "log", "message": "Not Found: /dist/main.5bc1a3393486cc66f9ca.hot-update.json"}
{"level": "WARNING", "timestamp": "2025-06-07 22:00:26,945", "module": "log", "message": "Not Found: /.well-known/appspecific/com.chrome.devtools.json"}
{"level": "WARNING", "timestamp": "2025-06-07 22:00:52,825", "module": "log", "message": "Not Found: /dist/main.721a8513d2401d2ff2af.hot-update.json"}
{"level": "WARNING", "timestamp": "2025-06-07 22:00:53,104", "module": "log", "message": "Not Found: /.well-known/appspecific/com.chrome.devtools.json"}
{"level": "WARNING", "timestamp": "2025-06-07 22:02:59,132", "module": "log", "message": "Not Found: /auth/google/"}
{"level": "WARNING", "timestamp": "2025-06-07 22:02:59,216", "module": "log", "message": "Not Found: /.well-known/appspecific/com.chrome.devtools.json"}
{"level": "WARNING", "timestamp": "2025-06-07 22:03:04,691", "module": "log", "message": "Not Found: /auth"}
{"level": "WARNING", "timestamp": "2025-06-07 22:03:04,792", "module": "log", "message": "Not Found: /.well-known/appspecific/com.chrome.devtools.json"}
{"level": "WARNING", "timestamp": "2025-06-07 22:03:24,660", "module": "log", "message": "Not Found: /.well-known/appspecific/com.chrome.devtools.json"}
{"level": "WARNING", "timestamp": "2025-06-07 22:03:29,311", "module": "log", "message": "Not Found: /auth/telegram/"}
{"level": "WARNING", "timestamp": "2025-06-07 22:03:29,407", "module": "log", "message": "Not Found: /.well-known/appspecific/com.chrome.devtools.json"}
{"level": "WARNING", "timestamp": "2025-06-07 22:03:31,672", "module": "log", "message": "Not Found: /.well-known/appspecific/com.chrome.devtools.json"}
{"level": "WARNING", "timestamp": "2025-06-07 22:03:35,944", "module": "log", "message": "Not Found: /.well-known/appspecific/com.chrome.devtools.json"}
{"level": "INFO", "timestamp": "2025-06-08 10:59:14,936", "module": "autoreload", "message": "Watching for file changes with StatReloader"}
{"level": "INFO", "timestamp": "2025-06-08 11:01:26,356", "module": "autoreload", "message": "C:\\Users\\home\\crypto-bot-platform\\core\\settings.py changed, reloading."}
{"level": "INFO", "timestamp": "2025-06-08 11:01:28,737", "module": "autoreload", "message": "Watching for file changes with StatReloader"}
{"level": "ERROR", "timestamp": "2025-06-08 11:01:34,686", "module": "log", "message": "Internal Server Error: /", "exception": "Traceback (most recent call last):\n  File \"C:\\Users\\home\\crypto-bot-platform\\env\\Lib\\site-packages\\django\\core\\handlers\\exception.py\", line 55, in inner\n    response = get_response(request)\n  File \"C:\\Users\\home\\crypto-bot-platform\\env\\Lib\\site-packages\\django\\core\\handlers\\base.py\", line 220, in _get_response\n    response = response.render()\n  File \"C:\\Users\\home\\crypto-bot-platform\\env\\Lib\\site-packages\\sentry_sdk\\integrations\\django\\views.py\", line 41, in sentry_patched_render\n    return old_render(self)\n  File \"C:\\Users\\home\\crypto-bot-platform\\env\\Lib\\site-packages\\django\\template\\response.py\", line 114, in render\n    self.content = self.rendered_content\n                   ^^^^^^^^^^^^^^^^^^^^^\n  File \"C:\\Users\\home\\crypto-bot-platform\\env\\Lib\\site-packages\\sentry_sdk\\utils.py\", line 1788, in runner\n    return sentry_patched_function(*args, **kwargs)\n  File \"C:\\Users\\home\\crypto-bot-platform\\env\\Lib\\site-packages\\sentry_sdk\\integrations\\django\\templates.py\", line 77, in rendered_content\n    return real_rendered_content.fget(self)\n           ~~~~~~~~~~~~~~~~~~~~~~~~~~^^^^^^\n  File \"C:\\Users\\home\\crypto-bot-platform\\env\\Lib\\site-packages\\django\\template\\response.py\", line 92, in rendered_content\n    return template.render(context, self._request)\n           ~~~~~~~~~~~~~~~^^^^^^^^^^^^^^^^^^^^^^^^\n  File \"C:\\Users\\home\\crypto-bot-platform\\env\\Lib\\site-packages\\django\\template\\backends\\django.py\", line 107, in render\n    return self.template.render(context)\n           ~~~~~~~~~~~~~~~~~~~~^^^^^^^^^\n  File \"C:\\Users\\home\\crypto-bot-platform\\env\\Lib\\site-packages\\django\\template\\base.py\", line 169, in render\n    with context.bind_template(self):\n         ~~~~~~~~~~~~~~~~~~~~~^^^^^^\n  File \"C:\\Python313\\Lib\\contextlib.py\", line 141, in __enter__\n    return next(self.gen)\n  File \"C:\\Users\\home\\crypto-bot-platform\\env\\Lib\\site-packages\\debug_toolbar\\panels\\templates\\panel.py\", line 45, in _request_context_bind_template\n    processors = template.engine.template_context_processors + self._processors\n                 ^^^^^^^^^^^^^^^^^^^^^^^^^^^^^^^^^^^^^^^^^^^\n  File \"C:\\Users\\home\\crypto-bot-platform\\env\\Lib\\site-packages\\django\\utils\\functional.py\", line 47, in __get__\n    res = instance.__dict__[self.name] = self.func(instance)\n                                         ~~~~~~~~~^^^^^^^^^^\n  File \"C:\\Users\\home\\crypto-bot-platform\\env\\Lib\\site-packages\\django\\template\\engine.py\", line 118, in template_context_processors\n    return tuple(import_string(path) for path in context_processors)\n  File \"C:\\Users\\home\\crypto-bot-platform\\env\\Lib\\site-packages\\django\\template\\engine.py\", line 118, in <genexpr>\n    return tuple(import_string(path) for path in context_processors)\n                 ~~~~~~~~~~~~~^^^^^^\n  File \"C:\\Users\\home\\crypto-bot-platform\\env\\Lib\\site-packages\\django\\utils\\module_loading.py\", line 30, in import_string\n    return cached_import(module_path, class_name)\n  File \"C:\\Users\\home\\crypto-bot-platform\\env\\Lib\\site-packages\\django\\utils\\module_loading.py\", line 15, in cached_import\n    module = import_module(module_path)\n  File \"C:\\Python313\\Lib\\importlib\\__init__.py\", line 88, in import_module\n    return _bootstrap._gcd_import(name[level:], package, level)\n           ~~~~~~~~~~~~~~~~~~~~~~^^^^^^^^^^^^^^^^^^^^^^^^^^^^^^\n  File \"<frozen importlib._bootstrap>\", line 1387, in _gcd_import\n  File \"<frozen importlib._bootstrap>\", line 1360, in _find_and_load\n  File \"<frozen importlib._bootstrap>\", line 1324, in _find_and_load_unlocked\nModuleNotFoundError: No module named 'allauth.account.context_processors'"}
{"level": "INFO", "timestamp": "2025-06-08 11:05:21,477", "module": "autoreload", "message": "C:\\Users\\home\\crypto-bot-platform\\core\\settings.py changed, reloading."}
